2021-06-03 11:41:40,408 - 2227 2227 D - DEBUG - debug message
2021-06-03 11:41:40,408 - 2227 2227 D - INFO - info message
2021-06-03 11:41:40,409 - 2227 2227 D - WARNING - warn message
2021-06-03 11:41:40,409 - 2227 2227 D - ERROR - error message
2021-06-03 11:41:40,410 - 2227 2227 D - CRITICAL - critical message
2021-06-03 11:41:42,500 - 2227 2227 D - DEBUG - debug message
2021-06-03 11:41:42,500 - 2227 2227 D - DEBUG - debug message
2021-06-03 11:41:42,500 - 2227 2227 D - INFO - info message
2021-06-03 11:41:42,500 - 2227 2227 D - INFO - info message
2021-06-03 11:41:42,500 - 2227 2227 D - WARNING - warn message
2021-06-03 11:41:42,500 - 2227 2227 D - WARNING - warn message
2021-06-03 11:41:42,501 - 2227 2227 D - ERROR - error message
2021-06-03 11:41:42,501 - 2227 2227 D - ERROR - error message
2021-06-03 11:41:42,507 - 2227 2227 D - CRITICAL - critical message
2021-06-03 11:41:42,507 - 2227 2227 D - CRITICAL - critical message
2021-06-03 11:41:44,335 - 2227 2227 D - DEBUG - debug message
2021-06-03 11:41:44,335 - 2227 2227 D - DEBUG - debug message
2021-06-03 11:41:44,335 - 2227 2227 D - DEBUG - debug message
2021-06-03 11:41:44,336 - 2227 2227 D - INFO - info message
2021-06-03 11:41:44,336 - 2227 2227 D - INFO - info message
2021-06-03 11:41:44,336 - 2227 2227 D - INFO - info message
2021-06-03 11:41:44,336 - 2227 2227 D - WARNING - warn message
2021-06-03 11:41:44,336 - 2227 2227 D - WARNING - warn message
2021-06-03 11:41:44,336 - 2227 2227 D - WARNING - warn message
2021-06-03 11:41:44,336 - 2227 2227 D - ERROR - error message
2021-06-03 11:41:44,336 - 2227 2227 D - ERROR - error message
2021-06-03 11:41:44,336 - 2227 2227 D - ERROR - error message
2021-06-03 11:41:44,346 - 2227 2227 D - CRITICAL - critical message
2021-06-03 11:41:44,346 - 2227 2227 D - CRITICAL - critical message
2021-06-03 11:41:44,346 - 2227 2227 D - CRITICAL - critical message
